The files belonging to this database system will be owned by user "base".
This user must also own the server process.

The database cluster will be initialized with locales
  COLLATE:  en_US.UTF-8
  CTYPE:    en_US.UTF-8
  MESSAGES: en_US.UTF-8
  MONETARY: en_US.UTF-8
  NUMERIC:  en_US.UTF-8
  TIME:     C
The default text search configuration will be set to "english".

Data page checksums are disabled.

fixing permissions on existing directory .anvil-data/db ... ok
creating subdirectories ... ok
selecting default max_connections ... 100
selecting default shared_buffers ... 128MB
selecting default timezone ... America/New_York
selecting dynamic shared memory implementation ... posix
creating configuration files ... ok
running bootstrap script ... ok
performing post-bootstrap initialization ... ok
syncing data to disk ... ok

Success. You can now start the database server using:

    .anvil-data/db-bin/PG-f2e3e42c260d3a84f6730bd8bccfb393/bin/pg_ctl -D .anvil-data/db -l logfile start

2022-10-01 19:40:05.648 EDT [58569] LOG:  listening on IPv6 address "::1", port 44645
2022-10-01 19:40:05.648 EDT [58569] LOG:  listening on IPv4 address "127.0.0.1", port 44645
2022-10-01 19:40:05.648 EDT [58569] LOG:  listening on Unix socket "/tmp/.s.PGSQL.44645"
2022-10-01 19:40:05.659 EDT [58570] LOG:  database system was shut down at 2022-10-01 19:40:05 EDT
2022-10-01 19:40:05.661 EDT [58569] LOG:  database system is ready to accept connections
2022-10-01 19:40:05.750 EDT [58577] LOG:  incomplete startup packet
waiting for server to shut down....2022-10-01 19:40:05.824 EDT [58569] LOG:  received fast shutdown request
2022-10-01 19:40:05.824 EDT [58569] LOG:  aborting any active transactions
2022-10-01 19:40:05.825 EDT [58569] LOG:  worker process: logical replication launcher (PID 58576) exited with exit code 1
2022-10-01 19:40:05.825 EDT [58571] LOG:  shutting down
2022-10-01 19:40:05.830 EDT [58569] LOG:  database system is shut down
 done
server stopped
2022-10-01 19:40:05.948 EDT [58582] LOG:  listening on IPv6 address "::1", port 44645
2022-10-01 19:40:05.948 EDT [58582] LOG:  listening on IPv4 address "127.0.0.1", port 44645
2022-10-01 19:40:05.948 EDT [58582] LOG:  listening on Unix socket "/tmp/.s.PGSQL.44645"
2022-10-01 19:40:05.971 EDT [58583] LOG:  database system was shut down at 2022-10-01 19:40:05 EDT
2022-10-01 19:40:05.973 EDT [58582] LOG:  database system is ready to accept connections
2022-10-01 19:40:06.039 EDT [58590] LOG:  incomplete startup packet
2022-10-01 19:40:06.618 EDT [58594] ERROR:  relation "db_version" does not exist at character 42
2022-10-01 19:40:06.618 EDT [58594] STATEMENT:  SELECT 'Test for presence of table' FROM db_version LIMIT 1
2022-10-01 19:43:57.893 EDT [58582] LOG:  received fast shutdown request
2022-10-01 19:43:57.893 EDT [58582] LOG:  aborting any active transactions
2022-10-01 19:43:57.893 EDT [58610] FATAL:  terminating connection due to administrator command
2022-10-01 19:43:57.893 EDT [58611] FATAL:  terminating connection due to administrator command
2022-10-01 19:43:57.893 EDT [58609] FATAL:  terminating connection due to administrator command
2022-10-01 19:43:57.897 EDT [58582] LOG:  worker process: logical replication launcher (PID 58589) exited with exit code 1
2022-10-01 19:43:57.897 EDT [58584] LOG:  shutting down
waiting for server to shut down....2022-10-01 19:43:57.903 EDT [58582] LOG:  database system is shut down
 done
server stopped
2022-10-01 19:44:30.513 EDT [59751] LOG:  listening on IPv6 address "::1", port 41723
2022-10-01 19:44:30.514 EDT [59751] LOG:  listening on IPv4 address "127.0.0.1", port 41723
2022-10-01 19:44:30.514 EDT [59751] LOG:  listening on Unix socket "/tmp/.s.PGSQL.41723"
2022-10-01 19:44:30.524 EDT [59752] LOG:  database system was shut down at 2022-10-01 19:43:57 EDT
2022-10-01 19:44:30.526 EDT [59751] LOG:  database system is ready to accept connections
2022-10-01 19:44:30.616 EDT [59759] LOG:  incomplete startup packet
