[INFO  io.zonky.test.db.postgres.embedded.EmbeddedPostgres] Detected a Linux x86_64 system
[INFO  io.zonky.test.db.postgres.embedded.DefaultPostgresBinaryResolver] Detected distribution: 'Arch'
[TRACE io.zonky.test.db.postgres.embedded.DefaultPostgresBinaryResolver] Searching for postgres binaries - location: 'postgres-linux-x86_64-arch.txz'
[DEBUG io.zonky.test.db.postgres.embedded.DefaultPostgresBinaryResolver] Distribution specific postgres binaries not found
[TRACE io.zonky.test.db.postgres.embedded.DefaultPostgresBinaryResolver] Searching for postgres binaries - location: 'postgres-linux-x86_64.txz'
[INFO  io.zonky.test.db.postgres.embedded.DefaultPostgresBinaryResolver] System specific postgres binaries found: 'postgres-linux-x86_64.txz'
[INFO  io.zonky.test.db.postgres.embedded.EmbeddedPostgres] Postgres binaries at .anvil-data/db-bin/PG-f2e3e42c260d3a84f6730bd8bccfb393
[TRACE io.zonky.test.db.postgres.embedded.EmbeddedPostgres] 147c70a5-4486-47e2-8f87-6f8f45d3f139 postgres data directory is .anvil-data/db
[INFO  io.zonky.test.db.postgres.embedded.EmbeddedPostgres] 147c70a5-4486-47e2-8f87-6f8f45d3f139 postmaster started as Process[pid=59751, exitValue="not exited"] on port 41723.  Waiting up to PT10S for server startup to finish.
[TRACE io.zonky.test.db.postgres.embedded.EmbeddedPostgres] While waiting for server startup
java.sql.SQLException: connect failed
	at io.zonky.test.db.postgres.embedded.EmbeddedPostgres.verifyReady(EmbeddedPostgres.java:344)
	at io.zonky.test.db.postgres.embedded.EmbeddedPostgres.waitForServerStartup(EmbeddedPostgres.java:319)
	at io.zonky.test.db.postgres.embedded.EmbeddedPostgres.startPostmaster(EmbeddedPostgres.java:284)
	at io.zonky.test.db.postgres.embedded.EmbeddedPostgres.<init>(EmbeddedPostgres.java:163)
	at io.zonky.test.db.postgres.embedded.EmbeddedPostgres$Builder.start(EmbeddedPostgres.java:583)
	at anvil.app_server.postgres$launch_bundled_db_BANG_.invokeStatic(postgres.clj:93)
	at anvil.app_server.postgres$launch_bundled_db_BANG_.invoke(postgres.clj:21)
	at anvil.app_server.run$_main$fn__1753.invoke(run.clj:432)
	at clojure.lang.AFn.applyToHelper(AFn.java:154)
	at clojure.lang.AFn.applyTo(AFn.java:144)
	at clojure.core$apply.invokeStatic(core.clj:659)
	at clojure.core$update_in$up__6562.invoke(core.clj:6105)
	at clojure.core$update_in.invokeStatic(core.clj:6106)
	at clojure.core$update_in.doInvoke(core.clj:6092)
	at clojure.lang.RestFn.invoke(RestFn.java:445)
	at anvil.app_server.run$_main.invokeStatic(run.clj:432)
	at anvil.app_server.run$_main.doInvoke(run.clj:278)
	at clojure.lang.RestFn.applyTo(RestFn.java:137)
	at anvil.app_server.run.main(Unknown Source)
Caused by: java.net.ConnectException: Connection refused
	at java.base/sun.nio.ch.Net.pollConnect(Native Method)
	at java.base/sun.nio.ch.Net.pollConnectNow(Net.java:672)
	at java.base/sun.nio.ch.NioSocketImpl.timedFinishConnect(NioSocketImpl.java:539)
	at java.base/sun.nio.ch.NioSocketImpl.connect(NioSocketImpl.java:594)
	at java.base/java.net.SocksSocketImpl.connect(SocksSocketImpl.java:327)
	at java.base/java.net.Socket.connect(Socket.java:633)
	at io.zonky.test.db.postgres.embedded.EmbeddedPostgres.verifyReady(EmbeddedPostgres.java:342)
	... 18 more
[INFO  io.zonky.test.db.postgres.embedded.EmbeddedPostgres] 147c70a5-4486-47e2-8f87-6f8f45d3f139 postmaster startup finished in 00:00:00.199
